---------------------------------------------------------------

[2023-03-08T21:31:11+08:00] 127.0.0.1 GET xdnyjqrsys.cc/
[运行时间：0.109175s] [吞吐率：9.16req/s] [内存消耗：4,652.87kb] [文件加载：133]
[ info ] [ LANG ] D:\phpstudy_pro\WWW\error\xdnyjqrsys.top\thinkphp\lang\zh-cn.php
[ info ] [ ROUTE ] array (
  'rule' => '',
  'route' => 'cms/index/index',
  'option' => 
  array (
    'merge_rule_regex' => false,
    'complete_match' => true,
  ),
  'var' => 
  array (
  ),
)
[ info ] [ HEADER ] array (
  'accept-language' => 'zh-CN,zh;q=0.9',
  'accept-encoding' => 'gzip, deflate',
  'accept' => 'text/html,application/xhtml+xml,application/xml;q=0.9,image/avif,image/webp,image/apng,*/*;q=0.8,application/signed-exchange;v=b3;q=0.9',
  'user-agent' => 'Mozilla/5.0 (Windows NT 10.0; Win64; x64) AppleWebKit/537.36 (KHTML, like Gecko) Chrome/108.0.0.0 Safari/537.36',
  'upgrade-insecure-requests' => '1',
  'connection' => 'keep-alive',
  'host' => 'xdnyjqrsys.cc',
  'content-length' => '',
  'content-type' => '',
)
[ info ] [ PARAM ] array (
)
[ info ] [ VIEW ] D:\phpstudy_pro\WWW\error\xdnyjqrsys.top\public\..\templates\default\cms\index.html [ array (
  0 => 'site',
  1 => 'userinfo',
  2 => 'Member_group',
  3 => 'Member_config',
  4 => 'cms_config',
  5 => 'siteurl',
  6 => 'SEO',
  7 => 'page',
) ]
[ info ] [ DB ] INIT mysql
[ error ] [1045]SQLSTATE[HY000] [1045] Access denied for user 'root'@'localhost' (using password: YES)[D:\phpstudy_pro\WWW\error\xdnyjqrsys.top\thinkphp\library\think\db\Connection.php:528]
---------------------------------------------------------------

[2023-03-08T21:37:39+08:00] 127.0.0.1 GET xdnyjqrsys.cc/
[运行时间：0.211540s] [吞吐率：4.73req/s] [内存消耗：5,091.55kb] [文件加载：129]
[ info ] [ LANG ] D:\phpstudy_pro\WWW\error\xdnyjqrsys.top\thinkphp\lang\zh-cn.php
[ info ] [ ROUTE ] array (
  'rule' => '',
  'route' => 'cms/index/index',
  'option' => 
  array (
    'merge_rule_regex' => false,
    'complete_match' => true,
  ),
  'var' => 
  array (
  ),
)
[ info ] [ HEADER ] array (
  'cookie' => 'thinkphp_show_page_trace=0|0',
  'accept-language' => 'zh-CN,zh;q=0.9',
  'accept-encoding' => 'gzip, deflate',
  'accept' => 'text/html,application/xhtml+xml,application/xml;q=0.9,image/avif,image/webp,image/apng,*/*;q=0.8,application/signed-exchange;v=b3;q=0.9',
  'user-agent' => 'Mozilla/5.0 (Windows NT 10.0; Win64; x64) AppleWebKit/537.36 (KHTML, like Gecko) Chrome/108.0.0.0 Safari/537.36',
  'upgrade-insecure-requests' => '1',
  'cache-control' => 'max-age=0',
  'connection' => 'keep-alive',
  'host' => 'xdnyjqrsys.cc',
  'content-length' => '',
  'content-type' => '',
)
[ info ] [ PARAM ] array (
)
[ info ] [ VIEW ] D:\phpstudy_pro\WWW\error\xdnyjqrsys.top\public\..\templates\default\cms\index.html [ array (
  0 => 'site',
  1 => 'userinfo',
  2 => 'Member_group',
  3 => 'Member_config',
  4 => 'cms_config',
  5 => 'siteurl',
  6 => 'SEO',
  7 => 'page',
) ]
[ info ] [ DB ] INIT mysql
[ info ] [ DB ] INIT mysql
[ info ] [ DB ] INIT mysql
[ info ] [ DB ] INIT mysql
[ info ] [ DB ] INIT mysql
[ info ] [ DB ] INIT mysql
---------------------------------------------------------------

[2023-03-08T21:37:39+08:00] 127.0.0.1 GET xdnyjqrsys.cc/uploads/images/20220413/f28528e8ddf4a72d71a2eaf42f50c8be.jpg
[运行时间：0.098335s] [吞吐率：10.17req/s] [内存消耗：2,613.39kb] [文件加载：104]
[ info ] [ LANG ] D:\phpstudy_pro\WWW\error\xdnyjqrsys.top\thinkphp\lang\zh-cn.php
[ info ] [ ROUTE ] array (
)
[ info ] [ HEADER ] array (
  'cookie' => 'thinkphp_show_page_trace=0|0',
  'accept-language' => 'zh-CN,zh;q=0.9',
  'accept-encoding' => 'gzip, deflate',
  'referer' => 'http://xdnyjqrsys.cc/',
  'accept' => 'image/avif,image/webp,image/apng,image/svg+xml,image/*,*/*;q=0.8',
  'user-agent' => 'Mozilla/5.0 (Windows NT 10.0; Win64; x64) AppleWebKit/537.36 (KHTML, like Gecko) Chrome/108.0.0.0 Safari/537.36',
  'connection' => 'keep-alive',
  'host' => 'xdnyjqrsys.cc',
  'content-length' => '',
  'content-type' => '',
)
[ info ] [ PARAM ] array (
)
---------------------------------------------------------------

[2023-03-08T21:37:39+08:00] 127.0.0.1 GET xdnyjqrsys.cc/uploads/images/20220413/b8db43dc68e64408d6555ea4247b9397.jpeg
[运行时间：0.077190s] [吞吐率：12.96req/s] [内存消耗：2,613.39kb] [文件加载：104]
[ info ] [ LANG ] D:\phpstudy_pro\WWW\error\xdnyjqrsys.top\thinkphp\lang\zh-cn.php
[ info ] [ ROUTE ] array (
)
[ info ] [ HEADER ] array (
  'cookie' => 'thinkphp_show_page_trace=0|0',
  'accept-language' => 'zh-CN,zh;q=0.9',
  'accept-encoding' => 'gzip, deflate',
  'referer' => 'http://xdnyjqrsys.cc/',
  'accept' => 'image/avif,image/webp,image/apng,image/svg+xml,image/*,*/*;q=0.8',
  'user-agent' => 'Mozilla/5.0 (Windows NT 10.0; Win64; x64) AppleWebKit/537.36 (KHTML, like Gecko) Chrome/108.0.0.0 Safari/537.36',
  'connection' => 'keep-alive',
  'host' => 'xdnyjqrsys.cc',
  'content-length' => '',
  'content-type' => '',
)
[ info ] [ PARAM ] array (
)
---------------------------------------------------------------

[2023-03-08T21:37:45+08:00] 127.0.0.1 GET xdnyjqrsys.cc/lists/26.html
[运行时间：0.133924s] [吞吐率：7.47req/s] [内存消耗：4,803.16kb] [文件加载：133]
[ info ] [ LANG ] D:\phpstudy_pro\WWW\error\xdnyjqrsys.top\thinkphp\lang\zh-cn.php
[ info ] [ ROUTE ] array (
  'rule' => 'lists/<catid>/<condition?>',
  'route' => 'cms/index/lists',
  'option' => 
  array (
    'merge_rule_regex' => false,
  ),
  'var' => 
  array (
    'catid' => '26',
  ),
)
[ info ] [ HEADER ] array (
  'cookie' => 'thinkphp_show_page_trace=0|0',
  'accept-language' => 'zh-CN,zh;q=0.9',
  'accept-encoding' => 'gzip, deflate',
  'referer' => 'http://xdnyjqrsys.cc/',
  'accept' => 'text/html,application/xhtml+xml,application/xml;q=0.9,image/avif,image/webp,image/apng,*/*;q=0.8,application/signed-exchange;v=b3;q=0.9',
  'user-agent' => 'Mozilla/5.0 (Windows NT 10.0; Win64; x64) AppleWebKit/537.36 (KHTML, like Gecko) Chrome/108.0.0.0 Safari/537.36',
  'upgrade-insecure-requests' => '1',
  'connection' => 'keep-alive',
  'host' => 'xdnyjqrsys.cc',
  'content-length' => '',
  'content-type' => '',
)
[ info ] [ PARAM ] array (
  'catid' => '26',
)
[ info ] [ DB ] INIT mysql
[ info ] [ VIEW ] D:\phpstudy_pro\WWW\error\xdnyjqrsys.top\public\..\templates\default\cms\page.html [ array (
  0 => 'site',
  1 => 'userinfo',
  2 => 'Member_group',
  3 => 'Member_config',
  4 => 'cms_config',
  5 => 'siteurl',
  6 => 'catid',
  7 => 'title',
  8 => 'keywords',
  9 => 'description',
  10 => 'content',
  11 => 'thumb',
  12 => 'inputtime',
  13 => 'updatetime',
  14 => 'catname',
  15 => 'catdir',
  16 => 'type',
  17 => 'modelid',
  18 => 'parentid',
  19 => 'arrparentid',
  20 => 'arrchildid',
  21 => 'child',
  22 => 'image',
  23 => 'icon',
  24 => 'url',
  25 => 'items',
  26 => 'setting',
  27 => 'listorder',
  28 => 'status',
  29 => 'top_parentid',
  30 => 'SEO',
  31 => 'page',
) ]
---------------------------------------------------------------

[2023-03-08T21:37:46+08:00] 127.0.0.1 GET xdnyjqrsys.cc/lists/26.html
[运行时间：0.119334s] [吞吐率：8.38req/s] [内存消耗：4,621.29kb] [文件加载：130]
[ info ] [ LANG ] D:\phpstudy_pro\WWW\error\xdnyjqrsys.top\thinkphp\lang\zh-cn.php
[ info ] [ ROUTE ] array (
  'rule' => 'lists/<catid>/<condition?>',
  'route' => 'cms/index/lists',
  'option' => 
  array (
    'merge_rule_regex' => false,
  ),
  'var' => 
  array (
    'catid' => '26',
  ),
)
[ info ] [ HEADER ] array (
  'cookie' => 'thinkphp_show_page_trace=0|0; thinkphp_show_page_trace=0|0',
  'accept-language' => 'zh-CN,zh;q=0.9',
  'accept-encoding' => 'gzip, deflate',
  'referer' => 'http://xdnyjqrsys.cc/lists/26.html',
  'accept' => 'text/html,application/xhtml+xml,application/xml;q=0.9,image/avif,image/webp,image/apng,*/*;q=0.8,application/signed-exchange;v=b3;q=0.9',
  'user-agent' => 'Mozilla/5.0 (Windows NT 10.0; Win64; x64) AppleWebKit/537.36 (KHTML, like Gecko) Chrome/108.0.0.0 Safari/537.36',
  'upgrade-insecure-requests' => '1',
  'connection' => 'keep-alive',
  'host' => 'xdnyjqrsys.cc',
  'content-length' => '',
  'content-type' => '',
)
[ info ] [ PARAM ] array (
  'catid' => '26',
)
[ info ] [ DB ] INIT mysql
[ info ] [ VIEW ] D:\phpstudy_pro\WWW\error\xdnyjqrsys.top\public\..\templates\default\cms\page.html [ array (
  0 => 'site',
  1 => 'userinfo',
  2 => 'Member_group',
  3 => 'Member_config',
  4 => 'cms_config',
  5 => 'siteurl',
  6 => 'catid',
  7 => 'title',
  8 => 'keywords',
  9 => 'description',
  10 => 'content',
  11 => 'thumb',
  12 => 'inputtime',
  13 => 'updatetime',
  14 => 'catname',
  15 => 'catdir',
  16 => 'type',
  17 => 'modelid',
  18 => 'parentid',
  19 => 'arrparentid',
  20 => 'arrchildid',
  21 => 'child',
  22 => 'image',
  23 => 'icon',
  24 => 'url',
  25 => 'items',
  26 => 'setting',
  27 => 'listorder',
  28 => 'status',
  29 => 'top_parentid',
  30 => 'SEO',
  31 => 'page',
) ]
---------------------------------------------------------------

[2023-03-08T21:37:50+08:00] 127.0.0.1 GET xdnyjqrsys.cc/admin
[运行时间：0.100437s] [吞吐率：9.96req/s] [内存消耗：4,510.76kb] [文件加载：128]
[ info ] [ LANG ] D:\phpstudy_pro\WWW\error\xdnyjqrsys.top\thinkphp\lang\zh-cn.php
[ info ] [ ROUTE ] array (
)
[ info ] [ HEADER ] array (
  'cookie' => 'thinkphp_show_page_trace=0|0',
  'accept-language' => 'zh-CN,zh;q=0.9',
  'accept-encoding' => 'gzip, deflate',
  'accept' => 'text/html,application/xhtml+xml,application/xml;q=0.9,image/avif,image/webp,image/apng,*/*;q=0.8,application/signed-exchange;v=b3;q=0.9',
  'user-agent' => 'Mozilla/5.0 (Windows NT 10.0; Win64; x64) AppleWebKit/537.36 (KHTML, like Gecko) Chrome/108.0.0.0 Safari/537.36',
  'upgrade-insecure-requests' => '1',
  'connection' => 'keep-alive',
  'host' => 'xdnyjqrsys.cc',
  'content-length' => '',
  'content-type' => '',
)
[ info ] [ PARAM ] array (
)
[ info ] [ DB ] INIT mysql
[ info ] [ VIEW ] D:\phpstudy_pro\WWW\error\xdnyjqrsys.top\public\..\application\common\view\dispatch_jump.tpl [ array (
  0 => 'code',
  1 => 'msg',
  2 => 'data',
  3 => 'url',
  4 => 'wait',
) ]
---------------------------------------------------------------

[2023-03-08T21:37:53+08:00] 127.0.0.1 GET xdnyjqrsys.cc/admin/index/login.html
[运行时间：0.119435s] [吞吐率：8.37req/s] [内存消耗：3,261.37kb] [文件加载：117]
[ info ] [ LANG ] D:\phpstudy_pro\WWW\error\xdnyjqrsys.top\thinkphp\lang\zh-cn.php
[ info ] [ ROUTE ] array (
)
[ info ] [ HEADER ] array (
  'cookie' => 'thinkphp_show_page_trace=0|0; PHPSESSID=9qjak90fbo0v5thf8lsrk3mdsc',
  'accept-language' => 'zh-CN,zh;q=0.9',
  'accept-encoding' => 'gzip, deflate',
  'referer' => 'http://xdnyjqrsys.cc/admin',
  'accept' => 'text/html,application/xhtml+xml,application/xml;q=0.9,image/avif,image/webp,image/apng,*/*;q=0.8,application/signed-exchange;v=b3;q=0.9',
  'user-agent' => 'Mozilla/5.0 (Windows NT 10.0; Win64; x64) AppleWebKit/537.36 (KHTML, like Gecko) Chrome/108.0.0.0 Safari/537.36',
  'upgrade-insecure-requests' => '1',
  'connection' => 'keep-alive',
  'host' => 'xdnyjqrsys.cc',
  'content-length' => '',
  'content-type' => '',
)
[ info ] [ PARAM ] array (
)
[ info ] [ VIEW ] D:\phpstudy_pro\WWW\error\xdnyjqrsys.top\application\admin\view\index\login.html [ array (
  0 => 'site',
  1 => 'auth',
  2 => 'userInfo',
) ]
---------------------------------------------------------------

[2023-03-08T21:37:58+08:00] 127.0.0.1 POST xdnyjqrsys.cc/admin/index/login.html
[运行时间：0.105171s] [吞吐率：9.51req/s] [内存消耗：4,332.81kb] [文件加载：124]
[ info ] [ LANG ] D:\phpstudy_pro\WWW\error\xdnyjqrsys.top\thinkphp\lang\zh-cn.php
[ info ] [ ROUTE ] array (
)
[ info ] [ HEADER ] array (
  'cookie' => 'thinkphp_show_page_trace=0|0; thinkphp_show_page_trace=0|0; PHPSESSID=9qjak90fbo0v5thf8lsrk3mdsc',
  'accept-language' => 'zh-CN,zh;q=0.9',
  'accept-encoding' => 'gzip, deflate',
  'referer' => 'http://xdnyjqrsys.cc/admin/index/login.html',
  'origin' => 'http://xdnyjqrsys.cc',
  'content-type' => 'application/x-www-form-urlencoded; charset=UTF-8',
  'user-agent' => 'Mozilla/5.0 (Windows NT 10.0; Win64; x64) AppleWebKit/537.36 (KHTML, like Gecko) Chrome/108.0.0.0 Safari/537.36',
  'x-requested-with' => 'XMLHttpRequest',
  'accept' => 'application/json, text/javascript, */*; q=0.01',
  'content-length' => '73',
  'connection' => 'keep-alive',
  'host' => 'xdnyjqrsys.cc',
)
[ info ] [ PARAM ] array (
  '__token__' => 'f93f7db19b910998ed42574b159e000e',
  'username' => 'admin',
  'password' => '123456',
)
[ info ] [ DB ] INIT mysql
---------------------------------------------------------------

[2023-03-08T21:38:01+08:00] 127.0.0.1 POST xdnyjqrsys.cc/admin/index/login.html
[运行时间：0.098490s] [吞吐率：10.15req/s] [内存消耗：4,332.55kb] [文件加载：124]
[ info ] [ LANG ] D:\phpstudy_pro\WWW\error\xdnyjqrsys.top\thinkphp\lang\zh-cn.php
[ info ] [ ROUTE ] array (
)
[ info ] [ HEADER ] array (
  'cookie' => 'thinkphp_show_page_trace=0|0; thinkphp_show_page_trace=0|0; PHPSESSID=9qjak90fbo0v5thf8lsrk3mdsc',
  'accept-language' => 'zh-CN,zh;q=0.9',
  'accept-encoding' => 'gzip, deflate',
  'referer' => 'http://xdnyjqrsys.cc/admin/index/login.html',
  'origin' => 'http://xdnyjqrsys.cc',
  'content-type' => 'application/x-www-form-urlencoded; charset=UTF-8',
  'user-agent' => 'Mozilla/5.0 (Windows NT 10.0; Win64; x64) AppleWebKit/537.36 (KHTML, like Gecko) Chrome/108.0.0.0 Safari/537.36',
  'x-requested-with' => 'XMLHttpRequest',
  'accept' => 'application/json, text/javascript, */*; q=0.01',
  'content-length' => '72',
  'connection' => 'keep-alive',
  'host' => 'xdnyjqrsys.cc',
)
[ info ] [ PARAM ] array (
  '__token__' => '1dc375ca0f90cbdb9c94274e2153adb7',
  'username' => 'admin',
  'password' => 'admin',
)
[ info ] [ DB ] INIT mysql
---------------------------------------------------------------

[2023-03-08T21:42:29+08:00] 127.0.0.1 POST xdnyjqrsys.cc/admin/index/login.html
[运行时间：0.101462s] [吞吐率：9.86req/s] [内存消耗：4,362.70kb] [文件加载：126]
[ info ] [ LANG ] D:\phpstudy_pro\WWW\error\xdnyjqrsys.top\thinkphp\lang\zh-cn.php
[ info ] [ ROUTE ] array (
)
[ info ] [ HEADER ] array (
  'cookie' => 'thinkphp_show_page_trace=0|0; thinkphp_show_page_trace=0|0; PHPSESSID=9qjak90fbo0v5thf8lsrk3mdsc',
  'accept-language' => 'zh-CN,zh;q=0.9',
  'accept-encoding' => 'gzip, deflate',
  'referer' => 'http://xdnyjqrsys.cc/admin/index/login.html',
  'origin' => 'http://xdnyjqrsys.cc',
  'content-type' => 'application/x-www-form-urlencoded; charset=UTF-8',
  'user-agent' => 'Mozilla/5.0 (Windows NT 10.0; Win64; x64) AppleWebKit/537.36 (KHTML, like Gecko) Chrome/108.0.0.0 Safari/537.36',
  'x-requested-with' => 'XMLHttpRequest',
  'accept' => 'application/json, text/javascript, */*; q=0.01',
  'content-length' => '72',
  'connection' => 'keep-alive',
  'host' => 'xdnyjqrsys.cc',
)
[ info ] [ PARAM ] array (
  '__token__' => '7622669e513c68f0a0d93486c157a99b',
  'username' => 'admin',
  'password' => 'admin',
)
[ info ] [ DB ] INIT mysql
---------------------------------------------------------------

[2023-03-08T21:42:30+08:00] 127.0.0.1 GET xdnyjqrsys.cc/admin/index/index.html
[运行时间：0.270500s] [吞吐率：3.70req/s] [内存消耗：4,785.60kb] [文件加载：130]
[ info ] [ LANG ] D:\phpstudy_pro\WWW\error\xdnyjqrsys.top\thinkphp\lang\zh-cn.php
[ info ] [ ROUTE ] array (
)
[ info ] [ HEADER ] array (
  'cookie' => 'thinkphp_show_page_trace=0|0; thinkphp_show_page_trace=0|0; PHPSESSID=9qjak90fbo0v5thf8lsrk3mdsc',
  'accept-language' => 'zh-CN,zh;q=0.9',
  'accept-encoding' => 'gzip, deflate',
  'referer' => 'http://xdnyjqrsys.cc/admin/index/login.html',
  'accept' => 'text/html,application/xhtml+xml,application/xml;q=0.9,image/avif,image/webp,image/apng,*/*;q=0.8,application/signed-exchange;v=b3;q=0.9',
  'user-agent' => 'Mozilla/5.0 (Windows NT 10.0; Win64; x64) AppleWebKit/537.36 (KHTML, like Gecko) Chrome/108.0.0.0 Safari/537.36',
  'upgrade-insecure-requests' => '1',
  'connection' => 'keep-alive',
  'host' => 'xdnyjqrsys.cc',
  'content-length' => '',
  'content-type' => '',
)
[ info ] [ PARAM ] array (
)
[ info ] [ DB ] INIT mysql
[ info ] [ VIEW ] D:\phpstudy_pro\WWW\error\xdnyjqrsys.top\application\admin\view\index\index.html [ array (
  0 => 'site',
  1 => 'auth',
  2 => 'userInfo',
  3 => 'SUBMENU_CONFIG',
) ]
---------------------------------------------------------------

[2023-03-08T21:42:31+08:00] 127.0.0.1 GET xdnyjqrsys.cc/admin/main/index.html
[运行时间：0.090466s] [吞吐率：11.05req/s] [内存消耗：4,242.97kb] [文件加载：121]
[ info ] [ LANG ] D:\phpstudy_pro\WWW\error\xdnyjqrsys.top\thinkphp\lang\zh-cn.php
[ info ] [ ROUTE ] array (
)
[ info ] [ HEADER ] array (
  'cookie' => 'thinkphp_show_page_trace=0|0; PHPSESSID=9qjak90fbo0v5thf8lsrk3mdsc',
  'accept-language' => 'zh-CN,zh;q=0.9',
  'accept-encoding' => 'gzip, deflate',
  'referer' => 'http://xdnyjqrsys.cc/admin/index/index.html',
  'accept' => 'text/html,application/xhtml+xml,application/xml;q=0.9,image/avif,image/webp,image/apng,*/*;q=0.8,application/signed-exchange;v=b3;q=0.9',
  'user-agent' => 'Mozilla/5.0 (Windows NT 10.0; Win64; x64) AppleWebKit/537.36 (KHTML, like Gecko) Chrome/108.0.0.0 Safari/537.36',
  'upgrade-insecure-requests' => '1',
  'connection' => 'keep-alive',
  'host' => 'xdnyjqrsys.cc',
  'content-length' => '',
  'content-type' => '',
)
[ info ] [ PARAM ] array (
)
[ info ] [ DB ] INIT mysql
[ info ] [ VIEW ] D:\phpstudy_pro\WWW\error\xdnyjqrsys.top\application\admin\view\main\index.html [ array (
  0 => 'site',
  1 => 'auth',
  2 => 'userInfo',
  3 => 'default_pass',
  4 => 'sys_info',
) ]
